0 info it worked if it ends with ok
1 verbose cli [ '/usr/local/bin/node',
1 verbose cli   '/usr/local/bin/npm',
1 verbose cli   'install',
1 verbose cli   'hero-generator-feed' ]
2 info using npm@1.4.28
3 info using node@v0.10.32
4 verbose readDependencies using package.json deps
5 verbose cache add [ 'hero-generator-feed', null ]
6 verbose cache add name=undefined spec="hero-generator-feed" args=["hero-generator-feed",null]
7 verbose parsed url { protocol: null,
7 verbose parsed url   slashes: null,
7 verbose parsed url   auth: null,
7 verbose parsed url   host: null,
7 verbose parsed url   port: null,
7 verbose parsed url   hostname: null,
7 verbose parsed url   hash: null,
7 verbose parsed url   search: null,
7 verbose parsed url   query: null,
7 verbose parsed url   pathname: 'hero-generator-feed',
7 verbose parsed url   path: 'hero-generator-feed',
7 verbose parsed url   href: 'hero-generator-feed' }
8 silly lockFile 75313bbf-hero-generator-feed hero-generator-feed
9 verbose lock hero-generator-feed /home/daizhen/.npm/75313bbf-hero-generator-feed.lock
10 silly lockFile 75313bbf-hero-generator-feed hero-generator-feed
11 silly lockFile 75313bbf-hero-generator-feed hero-generator-feed
12 verbose addNamed [ 'hero-generator-feed', '' ]
13 verbose addNamed [ null, '*' ]
14 silly lockFile 74a4fdf8-hero-generator-feed hero-generator-feed@
15 verbose lock hero-generator-feed@ /home/daizhen/.npm/74a4fdf8-hero-generator-feed.lock
16 silly addNameRange { name: 'hero-generator-feed', range: '*', hasData: false }
17 verbose request where is /hero-generator-feed
18 verbose request registry https://registry.npmjs.org/
19 verbose request id 68d2e73c9eefcee2
20 verbose url raw /hero-generator-feed
21 verbose url resolving [ 'https://registry.npmjs.org/', './hero-generator-feed' ]
22 verbose url resolved https://registry.npmjs.org/hero-generator-feed
23 verbose request where is https://registry.npmjs.org/hero-generator-feed
24 info trying registry request attempt 1 at 16:23:32
25 http GET https://registry.npmjs.org/hero-generator-feed
26 http 404 https://registry.npmjs.org/hero-generator-feed
27 silly registry.get cb [ 404,
27 silly registry.get   { 'content-type': 'application/json',
27 silly registry.get     'cache-control': 'max-age=0',
27 silly registry.get     'content-length': '2',
27 silly registry.get     'accept-ranges': 'bytes',
27 silly registry.get     date: 'Thu, 10 Nov 2016 06:53:33 GMT',
27 silly registry.get     via: '1.1 varnish',
27 silly registry.get     age: '0',
27 silly registry.get     connection: 'keep-alive',
27 silly registry.get     'x-served-by': 'cache-lcy1121-LCY',
27 silly registry.get     'x-cache': 'MISS',
27 silly registry.get     'x-cache-hits': '0',
27 silly registry.get     'x-timer': 'S1478760813.018482,VS0,VE168',
27 silly registry.get     vary: 'Accept-Encoding' } ]
28 silly lockFile 74a4fdf8-hero-generator-feed hero-generator-feed@
29 silly lockFile 74a4fdf8-hero-generator-feed hero-generator-feed@
30 error 404 Not Found
30 error 404
30 error 404 'hero-generator-feed' is not in the npm registry.
30 error 404 You should bug the author to publish it
30 error 404 It was specified as a dependency of 'hexo-site'
30 error 404
30 error 404 Note that you can also install from a
30 error 404 tarball, folder, or http url, or git url.
31 error System Linux 3.13.0-46-generic
32 error command "/usr/local/bin/node" "/usr/local/bin/npm" "install" "hero-generator-feed"
33 error cwd /home/daizhen/hexo_text
34 error node -v v0.10.32
35 error npm -v 1.4.28
36 error code E404
37 verbose exit [ 1, true ]
